2017-08-29 18:55:25,502 [Worker-0] INFO  c.g.t.t.d.PublishedGradleVersions - Gradle version information cache is up-to-date. Trying to read.
2017-08-29 18:58:47,133 [Worker-4] INFO  o.e.m.c.i.e.AbstractTransferListenerAdapter - Downloading https://repo.maven.apache.org/maven2/org/apache/maven/plugins/maven-deploy-plugin/2.7/maven-deploy-plugin-2.7.jar
2017-08-29 18:58:47,976 [Worker-4] INFO  o.e.m.c.i.e.AbstractTransferListenerAdapter - Downloaded https://repo.maven.apache.org/maven2/org/apache/maven/plugins/maven-deploy-plugin/2.7/maven-deploy-plugin-2.7.jar
2017-08-29 18:58:48,323 [Worker-4] INFO  o.e.m.c.i.e.AbstractTransferListenerAdapter - Downloading https://repo.maven.apache.org/maven2/org/apache/maven/plugins/maven-site-plugin/3.3/maven-site-plugin-3.3.jar
2017-08-29 18:58:49,461 [Worker-4] INFO  o.e.m.c.i.e.AbstractTransferListenerAdapter - Downloaded https://repo.maven.apache.org/maven2/org/apache/maven/plugins/maven-site-plugin/3.3/maven-site-plugin-3.3.jar
2017-08-29 18:59:13,826 [Worker-4] INFO  o.e.m.c.i.e.AbstractTransferListenerAdapter - Downloading https://repo.maven.apache.org/maven2/org/apache/maven/maven-plugin-api/2.0.9/maven-plugin-api-2.0.9.jar
2017-08-29 18:59:14,115 [Worker-4] INFO  o.e.m.c.i.e.AbstractTransferListenerAdapter - Downloaded https://repo.maven.apache.org/maven2/org/apache/maven/maven-plugin-api/2.0.9/maven-plugin-api-2.0.9.jar
2017-08-29 18:59:14,335 [Worker-4] INFO  o.e.m.c.i.e.AbstractTransferListenerAdapter - Downloading https://repo.maven.apache.org/maven2/org/apache/maven/maven-artifact/2.0.9/maven-artifact-2.0.9.jar
2017-08-29 18:59:14,657 [Worker-4] INFO  o.e.m.c.i.e.AbstractTransferListenerAdapter - Downloaded https://repo.maven.apache.org/maven2/org/apache/maven/maven-artifact/2.0.9/maven-artifact-2.0.9.jar
2017-08-29 18:59:14,878 [Worker-4] INFO  o.e.m.c.i.e.AbstractTransferListenerAdapter - Downloading https://repo.maven.apache.org/maven2/org/codehaus/plexus/plexus-utils/1.5.1/plexus-utils-1.5.1.jar
2017-08-29 18:59:15,361 [Worker-4] INFO  o.e.m.c.i.e.AbstractTransferListenerAdapter - Downloaded https://repo.maven.apache.org/maven2/org/codehaus/plexus/plexus-utils/1.5.1/plexus-utils-1.5.1.jar
2017-08-29 18:59:15,588 [Worker-4] INFO  o.e.m.c.i.e.AbstractTransferListenerAdapter - Downloading https://repo.maven.apache.org/maven2/org/apache/maven/maven-core/2.0.9/maven-core-2.0.9.jar
2017-08-29 18:59:15,895 [Worker-4] INFO  o.e.m.c.i.e.AbstractTransferListenerAdapter - Downloaded https://repo.maven.apache.org/maven2/org/apache/maven/maven-core/2.0.9/maven-core-2.0.9.jar
2017-08-29 18:59:16,122 [Worker-4] INFO  o.e.m.c.i.e.AbstractTransferListenerAdapter - Downloading https://repo.maven.apache.org/maven2/org/apache/maven/maven-settings/2.0.9/maven-settings-2.0.9.jar
2017-08-29 18:59:16,505 [Worker-4] INFO  o.e.m.c.i.e.AbstractTransferListenerAdapter - Downloaded https://repo.maven.apache.org/maven2/org/apache/maven/maven-settings/2.0.9/maven-settings-2.0.9.jar
2017-08-29 18:59:16,734 [Worker-4] INFO  o.e.m.c.i.e.AbstractTransferListenerAdapter - Downloading https://repo.maven.apache.org/maven2/org/apache/maven/maven-plugin-parameter-documenter/2.0.9/maven-plugin-parameter-documenter-2.0.9.jar
2017-08-29 18:59:17,012 [Worker-4] INFO  o.e.m.c.i.e.AbstractTransferListenerAdapter - Downloaded https://repo.maven.apache.org/maven2/org/apache/maven/maven-plugin-parameter-documenter/2.0.9/maven-plugin-parameter-documenter-2.0.9.jar
2017-08-29 18:59:17,249 [Worker-4] INFO  o.e.m.c.i.e.AbstractTransferListenerAdapter - Downloading https://repo.maven.apache.org/maven2/org/apache/maven/maven-profile/2.0.9/maven-profile-2.0.9.jar
2017-08-29 18:59:17,581 [Worker-4] INFO  o.e.m.c.i.e.AbstractTransferListenerAdapter - Downloaded https://repo.maven.apache.org/maven2/org/apache/maven/maven-profile/2.0.9/maven-profile-2.0.9.jar
2017-08-29 18:59:17,814 [Worker-4] INFO  o.e.m.c.i.e.AbstractTransferListenerAdapter - Downloading https://repo.maven.apache.org/maven2/org/apache/maven/maven-model/2.0.9/maven-model-2.0.9.jar
2017-08-29 18:59:18,087 [Worker-4] INFO  o.e.m.c.i.e.AbstractTransferListenerAdapter - Downloaded https://repo.maven.apache.org/maven2/org/apache/maven/maven-model/2.0.9/maven-model-2.0.9.jar
2017-08-29 18:59:18,328 [Worker-4] INFO  o.e.m.c.i.e.AbstractTransferListenerAdapter - Downloading https://repo.maven.apache.org/maven2/org/apache/maven/maven-repository-metadata/2.0.9/maven-repository-metadata-2.0.9.jar
2017-08-29 18:59:18,636 [Worker-4] INFO  o.e.m.c.i.e.AbstractTransferListenerAdapter - Downloaded https://repo.maven.apache.org/maven2/org/apache/maven/maven-repository-metadata/2.0.9/maven-repository-metadata-2.0.9.jar
2017-08-29 18:59:18,886 [Worker-4] INFO  o.e.m.c.i.e.AbstractTransferListenerAdapter - Downloading https://repo.maven.apache.org/maven2/org/apache/maven/maven-error-diagnostics/2.0.9/maven-error-diagnostics-2.0.9.jar
2017-08-29 18:59:19,193 [Worker-4] INFO  o.e.m.c.i.e.AbstractTransferListenerAdapter - Downloaded https://repo.maven.apache.org/maven2/org/apache/maven/maven-error-diagnostics/2.0.9/maven-error-diagnostics-2.0.9.jar
2017-08-29 18:59:19,440 [Worker-4] INFO  o.e.m.c.i.e.AbstractTransferListenerAdapter - Downloading https://repo.maven.apache.org/maven2/org/apache/maven/maven-project/2.0.9/maven-project-2.0.9.jar
2017-08-29 18:59:19,734 [Worker-4] INFO  o.e.m.c.i.e.AbstractTransferListenerAdapter - Downloaded https://repo.maven.apache.org/maven2/org/apache/maven/maven-project/2.0.9/maven-project-2.0.9.jar
2017-08-29 18:59:19,987 [Worker-4] INFO  o.e.m.c.i.e.AbstractTransferListenerAdapter - Downloading https://repo.maven.apache.org/maven2/org/apache/maven/maven-plugin-registry/2.0.9/maven-plugin-registry-2.0.9.jar
2017-08-29 18:59:20,316 [Worker-4] INFO  o.e.m.c.i.e.AbstractTransferListenerAdapter - Downloaded https://repo.maven.apache.org/maven2/org/apache/maven/maven-plugin-registry/2.0.9/maven-plugin-registry-2.0.9.jar
2017-08-29 18:59:20,571 [Worker-4] INFO  o.e.m.c.i.e.AbstractTransferListenerAdapter - Downloading https://repo.maven.apache.org/maven2/org/apache/maven/maven-plugin-descriptor/2.0.9/maven-plugin-descriptor-2.0.9.jar
2017-08-29 18:59:20,921 [Worker-4] INFO  o.e.m.c.i.e.AbstractTransferListenerAdapter - Downloaded https://repo.maven.apache.org/maven2/org/apache/maven/maven-plugin-descriptor/2.0.9/maven-plugin-descriptor-2.0.9.jar
2017-08-29 18:59:21,180 [Worker-4] INFO  o.e.m.c.i.e.AbstractTransferListenerAdapter - Downloading https://repo.maven.apache.org/maven2/org/apache/maven/maven-artifact-manager/2.0.9/maven-artifact-manager-2.0.9.jar
2017-08-29 18:59:21,457 [Worker-4] INFO  o.e.m.c.i.e.AbstractTransferListenerAdapter - Downloaded https://repo.maven.apache.org/maven2/org/apache/maven/maven-artifact-manager/2.0.9/maven-artifact-manager-2.0.9.jar
2017-08-29 18:59:21,698 [Worker-4] INFO  o.e.m.c.i.e.AbstractTransferListenerAdapter - Downloading https://repo.maven.apache.org/maven2/org/apache/maven/maven-monitor/2.0.9/maven-monitor-2.0.9.jar
2017-08-29 18:59:21,981 [Worker-4] INFO  o.e.m.c.i.e.AbstractTransferListenerAdapter - Downloaded https://repo.maven.apache.org/maven2/org/apache/maven/maven-monitor/2.0.9/maven-monitor-2.0.9.jar
2017-08-29 18:59:22,220 [Worker-4] INFO  o.e.m.c.i.e.AbstractTransferListenerAdapter - Downloading https://repo.maven.apache.org/maven2/org/apache/maven/maven-toolchain/1.0/maven-toolchain-1.0.jar
2017-08-29 18:59:22,469 [Worker-4] INFO  o.e.m.c.i.e.AbstractTransferListenerAdapter - Downloaded https://repo.maven.apache.org/maven2/org/apache/maven/maven-toolchain/1.0/maven-toolchain-1.0.jar
2017-08-29 18:59:24,361 [Worker-4] INFO  o.e.m.c.i.e.AbstractTransferListenerAdapter - Downloading https://repo.maven.apache.org/maven2/org/codehaus/plexus/plexus-container-default/1.5.5/plexus-container-default-1.5.5.jar
2017-08-29 18:59:24,866 [Worker-4] INFO  o.e.m.c.i.e.AbstractTransferListenerAdapter - Downloaded https://repo.maven.apache.org/maven2/org/codehaus/plexus/plexus-container-default/1.5.5/plexus-container-default-1.5.5.jar
2017-08-29 18:59:25,102 [Worker-4] INFO  o.e.m.c.i.e.AbstractTransferListenerAdapter - Downloading https://repo.maven.apache.org/maven2/org/codehaus/plexus/plexus-classworlds/2.2.2/plexus-classworlds-2.2.2.jar
2017-08-29 18:59:25,511 [Worker-4] INFO  o.e.m.c.i.e.AbstractTransferListenerAdapter - Downloaded https://repo.maven.apache.org/maven2/org/codehaus/plexus/plexus-classworlds/2.2.2/plexus-classworlds-2.2.2.jar
2017-08-29 18:59:30,279 [Worker-4] INFO  o.e.m.c.i.l.LifecycleMappingFactory - Using org.eclipse.m2e.jdt.JarLifecycleMapping lifecycle mapping for MavenProject: com.klnsyf:Battle_Royale:0.0.1-kls/dev @ C:\Users\sun\Documents\GitHub\battleroyale\Battle_Royale\pom.xml.
2017-08-29 18:59:34,208 [Worker-4] INFO  o.e.m.c.i.e.AbstractTransferListenerAdapter - Downloading https://repo.maven.apache.org/maven2/org/apache/maven/maven-plugin-api/2.0.6/maven-plugin-api-2.0.6.jar
2017-08-29 18:59:34,514 [Worker-4] INFO  o.e.m.c.i.e.AbstractTransferListenerAdapter - Downloaded https://repo.maven.apache.org/maven2/org/apache/maven/maven-plugin-api/2.0.6/maven-plugin-api-2.0.6.jar
2017-08-29 18:59:34,749 [Worker-4] INFO  o.e.m.c.i.e.AbstractTransferListenerAdapter - Downloading https://repo.maven.apache.org/maven2/org/apache/maven/maven-project/2.0.6/maven-project-2.0.6.jar
2017-08-29 18:59:35,034 [Worker-4] INFO  o.e.m.c.i.e.AbstractTransferListenerAdapter - Downloaded https://repo.maven.apache.org/maven2/org/apache/maven/maven-project/2.0.6/maven-project-2.0.6.jar
2017-08-29 18:59:35,573 [Worker-4] INFO  o.e.m.c.i.e.AbstractTransferListenerAdapter - Downloading https://repo.maven.apache.org/maven2/org/apache/maven/maven-profile/2.0.6/maven-profile-2.0.6.jar
2017-08-29 18:59:35,909 [Worker-4] INFO  o.e.m.c.i.e.AbstractTransferListenerAdapter - Downloaded https://repo.maven.apache.org/maven2/org/apache/maven/maven-profile/2.0.6/maven-profile-2.0.6.jar
2017-08-29 18:59:36,145 [Worker-4] INFO  o.e.m.c.i.e.AbstractTransferListenerAdapter - Downloading https://repo.maven.apache.org/maven2/org/apache/maven/maven-artifact-manager/2.0.6/maven-artifact-manager-2.0.6.jar
2017-08-29 18:59:36,412 [Worker-4] INFO  o.e.m.c.i.e.AbstractTransferListenerAdapter - Downloaded https://repo.maven.apache.org/maven2/org/apache/maven/maven-artifact-manager/2.0.6/maven-artifact-manager-2.0.6.jar
2017-08-29 18:59:36,651 [Worker-4] INFO  o.e.m.c.i.e.AbstractTransferListenerAdapter - Downloading https://repo.maven.apache.org/maven2/org/apache/maven/maven-plugin-registry/2.0.6/maven-plugin-registry-2.0.6.jar
2017-08-29 18:59:36,985 [Worker-4] INFO  o.e.m.c.i.e.AbstractTransferListenerAdapter - Downloaded https://repo.maven.apache.org/maven2/org/apache/maven/maven-plugin-registry/2.0.6/maven-plugin-registry-2.0.6.jar
2017-08-29 18:59:37,226 [Worker-4] INFO  o.e.m.c.i.e.AbstractTransferListenerAdapter - Downloading https://repo.maven.apache.org/maven2/org/apache/maven/maven-core/2.0.6/maven-core-2.0.6.jar
2017-08-29 18:59:37,530 [Worker-4] INFO  o.e.m.c.i.e.AbstractTransferListenerAdapter - Downloaded https://repo.maven.apache.org/maven2/org/apache/maven/maven-core/2.0.6/maven-core-2.0.6.jar
2017-08-29 18:59:37,774 [Worker-4] INFO  o.e.m.c.i.e.AbstractTransferListenerAdapter - Downloading https://repo.maven.apache.org/maven2/org/apache/maven/maven-plugin-parameter-documenter/2.0.6/maven-plugin-parameter-documenter-2.0.6.jar
2017-08-29 18:59:38,099 [Worker-4] INFO  o.e.m.c.i.e.AbstractTransferListenerAdapter - Downloaded https://repo.maven.apache.org/maven2/org/apache/maven/maven-plugin-parameter-documenter/2.0.6/maven-plugin-parameter-documenter-2.0.6.jar
2017-08-29 18:59:39,138 [Worker-4] INFO  o.e.m.c.i.e.AbstractTransferListenerAdapter - Downloading https://repo.maven.apache.org/maven2/org/apache/maven/maven-repository-metadata/2.0.6/maven-repository-metadata-2.0.6.jar
2017-08-29 18:59:39,449 [Worker-4] INFO  o.e.m.c.i.e.AbstractTransferListenerAdapter - Downloaded https://repo.maven.apache.org/maven2/org/apache/maven/maven-repository-metadata/2.0.6/maven-repository-metadata-2.0.6.jar
2017-08-29 18:59:39,699 [Worker-4] INFO  o.e.m.c.i.e.AbstractTransferListenerAdapter - Downloading https://repo.maven.apache.org/maven2/org/apache/maven/maven-error-diagnostics/2.0.6/maven-error-diagnostics-2.0.6.jar
2017-08-29 18:59:40,003 [Worker-4] INFO  o.e.m.c.i.e.AbstractTransferListenerAdapter - Downloaded https://repo.maven.apache.org/maven2/org/apache/maven/maven-error-diagnostics/2.0.6/maven-error-diagnostics-2.0.6.jar
2017-08-29 18:59:40,259 [Worker-4] INFO  o.e.m.c.i.e.AbstractTransferListenerAdapter - Downloading https://repo.maven.apache.org/maven2/org/apache/maven/maven-plugin-descriptor/2.0.6/maven-plugin-descriptor-2.0.6.jar
2017-08-29 18:59:40,622 [Worker-4] INFO  o.e.m.c.i.e.AbstractTransferListenerAdapter - Downloaded https://repo.maven.apache.org/maven2/org/apache/maven/maven-plugin-descriptor/2.0.6/maven-plugin-descriptor-2.0.6.jar
2017-08-29 18:59:40,875 [Worker-4] INFO  o.e.m.c.i.e.AbstractTransferListenerAdapter - Downloading https://repo.maven.apache.org/maven2/classworlds/classworlds/1.1/classworlds-1.1.jar
2017-08-29 18:59:41,260 [Worker-4] INFO  o.e.m.c.i.e.AbstractTransferListenerAdapter - Downloaded https://repo.maven.apache.org/maven2/classworlds/classworlds/1.1/classworlds-1.1.jar
2017-08-29 18:59:41,512 [Worker-4] INFO  o.e.m.c.i.e.AbstractTransferListenerAdapter - Downloading https://repo.maven.apache.org/maven2/org/apache/maven/maven-artifact/2.0.6/maven-artifact-2.0.6.jar
2017-08-29 18:59:41,799 [Worker-4] INFO  o.e.m.c.i.e.AbstractTransferListenerAdapter - Downloaded https://repo.maven.apache.org/maven2/org/apache/maven/maven-artifact/2.0.6/maven-artifact-2.0.6.jar
2017-08-29 18:59:42,054 [Worker-4] INFO  o.e.m.c.i.e.AbstractTransferListenerAdapter - Downloading https://repo.maven.apache.org/maven2/org/apache/maven/maven-settings/2.0.6/maven-settings-2.0.6.jar
2017-08-29 18:59:42,464 [Worker-4] INFO  o.e.m.c.i.e.AbstractTransferListenerAdapter - Downloaded https://repo.maven.apache.org/maven2/org/apache/maven/maven-settings/2.0.6/maven-settings-2.0.6.jar
2017-08-29 18:59:42,712 [Worker-4] INFO  o.e.m.c.i.e.AbstractTransferListenerAdapter - Downloading https://repo.maven.apache.org/maven2/org/apache/maven/maven-model/2.0.6/maven-model-2.0.6.jar
2017-08-29 18:59:43,012 [Worker-4] INFO  o.e.m.c.i.e.AbstractTransferListenerAdapter - Downloaded https://repo.maven.apache.org/maven2/org/apache/maven/maven-model/2.0.6/maven-model-2.0.6.jar
2017-08-29 18:59:43,266 [Worker-4] INFO  o.e.m.c.i.e.AbstractTransferListenerAdapter - Downloading https://repo.maven.apache.org/maven2/org/apache/maven/maven-monitor/2.0.6/maven-monitor-2.0.6.jar
2017-08-29 18:59:43,573 [Worker-4] INFO  o.e.m.c.i.e.AbstractTransferListenerAdapter - Downloaded https://repo.maven.apache.org/maven2/org/apache/maven/maven-monitor/2.0.6/maven-monitor-2.0.6.jar
2017-08-29 18:59:43,830 [Worker-4] INFO  o.e.m.c.i.e.AbstractTransferListenerAdapter - Downloading https://repo.maven.apache.org/maven2/org/codehaus/plexus/plexus-container-default/1.0-alpha-9-stable-1/plexus-container-default-1.0-alpha-9-stable-1.jar
2017-08-29 18:59:44,366 [Worker-4] INFO  o.e.m.c.i.e.AbstractTransferListenerAdapter - Downloaded https://repo.maven.apache.org/maven2/org/codehaus/plexus/plexus-container-default/1.0-alpha-9-stable-1/plexus-container-default-1.0-alpha-9-stable-1.jar
2017-08-29 18:59:47,753 [Worker-4] INFO  o.e.m.j.i.AbstractJavaProjectConfigurator - Adding source folder /Battle_Royale/src/main/java
2017-08-29 18:59:47,760 [Worker-4] INFO  o.e.m.j.i.AbstractJavaProjectConfigurator - Adding resource folder /Battle_Royale/src/main/resources
2017-08-29 18:59:47,765 [Worker-4] INFO  o.e.m.j.i.AbstractJavaProjectConfigurator - Adding source folder /Battle_Royale/src/test/java
2017-08-29 18:59:47,765 [Worker-4] INFO  o.e.m.j.i.AbstractJavaProjectConfigurator - Adding resource folder /Battle_Royale/src/test/resources
2017-08-29 18:59:49,192 [Worker-4] WARN  o.e.m.c.i.embedder.EclipseLogger - Using platform encoding (GBK actually) to copy filtered resources, i.e. build is platform dependent!
2017-08-29 18:59:49,203 [Worker-4] INFO  o.e.m.c.i.embedder.EclipseLogger - Copying 0 resource
2017-08-29 18:59:49,212 [Worker-4] WARN  o.e.m.c.i.embedder.EclipseLogger - Using platform encoding (GBK actually) to copy filtered resources, i.e. build is platform dependent!
2017-08-29 18:59:49,227 [Worker-4] INFO  o.e.m.c.i.embedder.EclipseLogger - Copying 0 resource
2017-09-16 10:28:06,018 [Worker-1] INFO  c.g.t.t.d.PublishedGradleVersions - Gradle version information cache is up-to-date. Trying to read.
2017-09-16 10:29:30,372 [Worker-3] INFO  o.e.m.c.i.l.LifecycleMappingFactory - Using org.eclipse.m2e.jdt.JarLifecycleMapping lifecycle mapping for MavenProject: com.klnsyf:Battle_Royale:0.0.1-SNAPSHOT @ C:\Users\sun\Documents\GitHub\battleroyale\Battle_Royale\pom.xml.
2017-09-16 10:29:31,054 [Worker-3] INFO  o.e.m.j.i.AbstractJavaProjectConfigurator - Adding source folder /Battle_Royale/src/main/java
2017-09-16 10:29:31,055 [Worker-3] INFO  o.e.m.j.i.AbstractJavaProjectConfigurator - Adding resource folder /Battle_Royale/src/main/resources
2017-09-16 10:29:31,056 [Worker-3] INFO  o.e.m.j.i.AbstractJavaProjectConfigurator - Adding source folder /Battle_Royale/src/test/java
2017-09-16 10:29:31,056 [Worker-3] INFO  o.e.m.j.i.AbstractJavaProjectConfigurator - Adding resource folder /Battle_Royale/src/test/resources
2017-09-16 10:29:32,089 [Worker-4] WARN  o.e.m.c.i.embedder.EclipseLogger - Using platform encoding (GBK actually) to copy filtered resources, i.e. build is platform dependent!
2017-09-16 10:29:32,109 [Worker-4] INFO  o.e.m.c.i.embedder.EclipseLogger - Copying 0 resource
2017-09-16 10:29:32,111 [Worker-4] WARN  o.e.m.c.i.embedder.EclipseLogger - Using platform encoding (GBK actually) to copy filtered resources, i.e. build is platform dependent!
2017-09-16 10:29:32,125 [Worker-4] INFO  o.e.m.c.i.embedder.EclipseLogger - Copying 0 resource
2017-09-16 10:30:50,840 [Worker-1] INFO  c.g.t.t.d.PublishedGradleVersions - Gradle version information cache is up-to-date. Trying to read.
2017-09-16 10:37:16,855 [Worker-4] INFO  o.e.m.c.i.l.LifecycleMappingFactory - Using org.eclipse.m2e.jdt.JarLifecycleMapping lifecycle mapping for MavenProject: com.klnsyf:Battle_Royale:0.0.1-SNAPSHOT @ C:\Users\sun\Documents\GitHub\battleroyale\Battle_Royale\pom.xml.
2017-09-16 10:37:18,783 [Worker-4] INFO  o.e.m.c.i.e.AbstractTransferListenerAdapter - Downloaded https://hub.spigotmc.org/nexus/content/repositories/snapshots/net/md-5/bungeecord-chat/1.12-SNAPSHOT/maven-metadata.xml
2017-09-16 10:37:21,463 [Worker-4] INFO  o.e.m.c.i.e.AbstractTransferListenerAdapter - Downloaded https://hub.spigotmc.org/nexus/content/repositories/snapshots/net/md-5/bungeecord-parent/1.12-SNAPSHOT/maven-metadata.xml
2017-09-16 10:37:23,324 [Worker-4] INFO  o.e.m.c.i.e.AbstractTransferListenerAdapter - Downloaded https://hub.spigotmc.org/nexus/content/repositories/snapshots/junit/junit/4.10/junit-4.10.jar
2017-09-16 10:37:24,655 [Worker-4] INFO  o.e.m.c.i.e.AbstractTransferListenerAdapter - Downloaded https://hub.spigotmc.org/nexus/content/repositories/snapshots/org/hamcrest/hamcrest-core/1.1/hamcrest-core-1.1.jar
2017-09-16 10:37:26,114 [Worker-4] INFO  o.e.m.c.i.e.AbstractTransferListenerAdapter - Downloading https://repo.maven.apache.org/maven2/junit/junit/4.10/junit-4.10.jar
2017-09-16 10:37:28,686 [Worker-4] INFO  o.e.m.c.i.e.AbstractTransferListenerAdapter - Downloaded https://repo.maven.apache.org/maven2/junit/junit/4.10/junit-4.10.jar
2017-09-16 10:37:28,961 [Worker-4] INFO  o.e.m.c.i.e.AbstractTransferListenerAdapter - Downloading https://repo.maven.apache.org/maven2/org/hamcrest/hamcrest-core/1.1/hamcrest-core-1.1.jar
2017-09-16 10:37:29,921 [Worker-4] INFO  o.e.m.c.i.e.AbstractTransferListenerAdapter - Downloaded https://repo.maven.apache.org/maven2/org/hamcrest/hamcrest-core/1.1/hamcrest-core-1.1.jar
2017-09-16 10:37:30,490 [Worker-4] WARN  o.e.m.c.i.embedder.EclipseLogger - Using platform encoding (GBK actually) to copy filtered resources, i.e. build is platform dependent!
2017-09-16 10:37:30,510 [Worker-4] INFO  o.e.m.c.i.embedder.EclipseLogger - Copying 0 resource
2017-09-16 10:37:30,513 [Worker-4] WARN  o.e.m.c.i.embedder.EclipseLogger - Using platform encoding (GBK actually) to copy filtered resources, i.e. build is platform dependent!
2017-09-16 10:37:30,528 [Worker-4] INFO  o.e.m.c.i.embedder.EclipseLogger - Copying 0 resource
2017-09-16 11:30:39,222 [Worker-0] INFO  c.g.t.t.d.PublishedGradleVersions - Gradle version information cache is up-to-date. Trying to read.
2017-09-16 19:15:43,320 [Worker-39] INFO  o.e.m.c.i.l.LifecycleMappingFactory - Using org.eclipse.m2e.jdt.JarLifecycleMapping lifecycle mapping for MavenProject: com.klnsyf.battleroyale:Battle_Royale:0.0.1-SNAPSHOT @ C:\Users\sun\Documents\GitHub\battleroyale\Battle_Royale\pom.xml.
2017-09-16 19:15:44,165 [Worker-39] INFO  o.e.m.j.i.AbstractJavaProjectConfigurator - Adding source folder /Battle_Royale/src/main/java
2017-09-16 19:15:44,167 [Worker-39] INFO  o.e.m.j.i.AbstractJavaProjectConfigurator - Adding resource folder /Battle_Royale/src/main/resources
2017-09-16 19:15:44,169 [Worker-39] INFO  o.e.m.j.i.AbstractJavaProjectConfigurator - Adding source folder /Battle_Royale/src/test/java
2017-09-16 19:15:44,169 [Worker-39] INFO  o.e.m.j.i.AbstractJavaProjectConfigurator - Adding resource folder /Battle_Royale/src/test/resources
2017-09-16 19:15:44,943 [Worker-35] WARN  o.e.m.c.i.embedder.EclipseLogger - Using platform encoding (GBK actually) to copy filtered resources, i.e. build is platform dependent!
2017-09-16 19:15:44,964 [Worker-35] INFO  o.e.m.c.i.embedder.EclipseLogger - Copying 0 resource
2017-09-16 19:15:44,966 [Worker-35] WARN  o.e.m.c.i.embedder.EclipseLogger - Using platform encoding (GBK actually) to copy filtered resources, i.e. build is platform dependent!
2017-09-16 19:15:44,984 [Worker-35] INFO  o.e.m.c.i.embedder.EclipseLogger - Copying 0 resource
2017-09-16 19:16:51,991 [Worker-37] INFO  o.e.m.c.i.l.LifecycleMappingFactory - Using org.eclipse.m2e.jdt.JarLifecycleMapping lifecycle mapping for MavenProject: com.klnsyf.battleroyale:Battle_Royale:0.0.1-SNAPSHOT @ C:\Users\sun\Documents\GitHub\battleroyale\Battle_Royale\pom.xml.
2017-09-16 19:16:52,578 [Worker-37] WARN  o.e.m.c.i.embedder.EclipseLogger - Using platform encoding (GBK actually) to copy filtered resources, i.e. build is platform dependent!
2017-09-16 19:16:52,598 [Worker-37] INFO  o.e.m.c.i.embedder.EclipseLogger - Copying 0 resource
2017-09-16 19:16:52,599 [Worker-37] WARN  o.e.m.c.i.embedder.EclipseLogger - Using platform encoding (GBK actually) to copy filtered resources, i.e. build is platform dependent!
2017-09-16 19:16:52,613 [Worker-37] INFO  o.e.m.c.i.embedder.EclipseLogger - Copying 0 resource
2017-09-16 19:24:55,211 [Worker-21] WARN  o.e.m.c.i.embedder.EclipseLogger - Using platform encoding (GBK actually) to copy filtered resources, i.e. build is platform dependent!
2017-09-16 19:24:55,240 [Worker-21] INFO  o.e.m.c.i.embedder.EclipseLogger - Copying 0 resource
2017-09-16 19:24:55,242 [Worker-21] WARN  o.e.m.c.i.embedder.EclipseLogger - Using platform encoding (GBK actually) to copy filtered resources, i.e. build is platform dependent!
2017-09-16 19:24:55,260 [Worker-21] INFO  o.e.m.c.i.embedder.EclipseLogger - Copying 0 resource
2017-09-16 19:26:06,601 [Worker-45] WARN  o.e.m.c.i.embedder.EclipseLogger - Using platform encoding (GBK actually) to copy filtered resources, i.e. build is platform dependent!
2017-09-16 19:26:06,634 [Worker-45] INFO  o.e.m.c.i.embedder.EclipseLogger - Copying 1 resource
2017-09-16 19:26:06,653 [Worker-45] WARN  o.e.m.c.i.embedder.EclipseLogger - Using platform encoding (GBK actually) to copy filtered resources, i.e. build is platform dependent!
2017-09-16 19:26:06,676 [Worker-45] INFO  o.e.m.c.i.embedder.EclipseLogger - Copying 0 resource
2017-09-16 19:59:43,858 [Worker-43] INFO  o.e.m.c.i.p.ProjectConfigurationManager - Update started
2017-09-16 19:59:44,324 [Worker-43] INFO  o.e.m.c.i.l.LifecycleMappingFactory - Using org.eclipse.m2e.jdt.JarLifecycleMapping lifecycle mapping for MavenProject: com.klnsyf.battleroyale:Battle_Royale:0.0.1-SNAPSHOT @ C:\Users\sun\Documents\GitHub\battleroyale\Battle_Royale\pom.xml.
2017-09-16 19:59:44,542 [Worker-43] INFO  o.e.m.j.i.AbstractJavaProjectConfigurator - Adding source folder /Battle_Royale/src/main/java
2017-09-16 19:59:44,548 [Worker-43] INFO  o.e.m.j.i.AbstractJavaProjectConfigurator - Adding resource folder /Battle_Royale/src/main/resources
2017-09-16 19:59:44,555 [Worker-43] INFO  o.e.m.j.i.AbstractJavaProjectConfigurator - Adding source folder /Battle_Royale/src/test/java
2017-09-16 19:59:44,563 [Worker-43] INFO  o.e.m.j.i.AbstractJavaProjectConfigurator - Adding resource folder /Battle_Royale/src/test/resources
2017-09-16 19:59:44,645 [Worker-43] INFO  o.e.m.c.i.p.ProjectConfigurationManager - Update completed: 0 sec
2017-09-16 19:59:44,858 [Worker-52] WARN  o.e.m.c.i.embedder.EclipseLogger - Using platform encoding (GBK actually) to copy filtered resources, i.e. build is platform dependent!
2017-09-16 19:59:44,871 [Worker-52] INFO  o.e.m.c.i.embedder.EclipseLogger - Copying 1 resource
2017-09-16 19:59:44,886 [Worker-52] WARN  o.e.m.c.i.embedder.EclipseLogger - Using platform encoding (GBK actually) to copy filtered resources, i.e. build is platform dependent!
2017-09-16 19:59:44,897 [Worker-52] INFO  o.e.m.c.i.embedder.EclipseLogger - Copying 0 resource
2017-09-16 20:18:24,114 [Worker-58] WARN  o.e.m.c.i.embedder.EclipseLogger - Using platform encoding (GBK actually) to copy filtered resources, i.e. build is platform dependent!
2017-09-16 20:18:24,126 [Worker-58] INFO  o.e.m.c.i.embedder.EclipseLogger - Copying 1 resource
2017-09-16 20:18:24,134 [Worker-58] WARN  o.e.m.c.i.embedder.EclipseLogger - Using platform encoding (GBK actually) to copy filtered resources, i.e. build is platform dependent!
2017-09-16 20:18:24,147 [Worker-58] INFO  o.e.m.c.i.embedder.EclipseLogger - Copying 0 resource
2017-09-16 20:19:11,925 [Worker-60] INFO  o.e.m.i.launch.MavenLaunchDelegate - C:\Users\sun\Documents\GitHub\battleroyale\Battle_Royale
2017-09-16 20:19:11,926 [Worker-60] INFO  o.e.m.i.launch.MavenLaunchDelegate -  mvn -B install
2017-09-16 20:20:08,218 [Worker-56] WARN  o.e.m.c.i.embedder.EclipseLogger - Using platform encoding (GBK actually) to copy filtered resources, i.e. build is platform dependent!
2017-09-16 20:20:08,231 [Worker-56] INFO  o.e.m.c.i.embedder.EclipseLogger - Copying 1 resource
2017-09-16 20:20:08,239 [Worker-56] WARN  o.e.m.c.i.embedder.EclipseLogger - Using platform encoding (GBK actually) to copy filtered resources, i.e. build is platform dependent!
2017-09-16 20:20:08,270 [Worker-56] INFO  o.e.m.c.i.embedder.EclipseLogger - Copying 0 resource
2017-09-16 21:10:53,748 [Worker-72] WARN  o.e.m.c.i.embedder.EclipseLogger - Using platform encoding (GBK actually) to copy filtered resources, i.e. build is platform dependent!
2017-09-16 21:10:53,762 [Worker-72] INFO  o.e.m.c.i.embedder.EclipseLogger - Copying 1 resource
2017-09-16 21:10:53,765 [Worker-72] WARN  o.e.m.c.i.embedder.EclipseLogger - Using platform encoding (GBK actually) to copy filtered resources, i.e. build is platform dependent!
2017-09-16 21:10:53,774 [Worker-72] INFO  o.e.m.c.i.embedder.EclipseLogger - Copying 0 resource
2017-09-16 21:11:16,172 [Worker-65] WARN  o.e.m.c.i.embedder.EclipseLogger - Using platform encoding (GBK actually) to copy filtered resources, i.e. build is platform dependent!
2017-09-16 21:11:16,195 [Worker-65] INFO  o.e.m.c.i.embedder.EclipseLogger - Copying 1 resource
2017-09-16 21:11:16,208 [Worker-65] WARN  o.e.m.c.i.embedder.EclipseLogger - Using platform encoding (GBK actually) to copy filtered resources, i.e. build is platform dependent!
2017-09-16 21:11:16,219 [Worker-65] INFO  o.e.m.c.i.embedder.EclipseLogger - Copying 0 resource
2017-09-16 21:11:24,927 [Worker-60] WARN  o.e.m.c.i.embedder.EclipseLogger - Using platform encoding (GBK actually) to copy filtered resources, i.e. build is platform dependent!
2017-09-16 21:11:24,936 [Worker-60] INFO  o.e.m.c.i.embedder.EclipseLogger - Copying 1 resource
2017-09-16 21:11:24,939 [Worker-60] WARN  o.e.m.c.i.embedder.EclipseLogger - Using platform encoding (GBK actually) to copy filtered resources, i.e. build is platform dependent!
2017-09-16 21:11:24,945 [Worker-60] INFO  o.e.m.c.i.embedder.EclipseLogger - Copying 0 resource
2017-09-16 21:11:32,081 [Worker-72] WARN  o.e.m.c.i.embedder.EclipseLogger - Using platform encoding (GBK actually) to copy filtered resources, i.e. build is platform dependent!
2017-09-16 21:11:32,095 [Worker-72] INFO  o.e.m.c.i.embedder.EclipseLogger - Copying 1 resource
2017-09-16 21:11:32,103 [Worker-72] WARN  o.e.m.c.i.embedder.EclipseLogger - Using platform encoding (GBK actually) to copy filtered resources, i.e. build is platform dependent!
2017-09-16 21:11:32,114 [Worker-72] INFO  o.e.m.c.i.embedder.EclipseLogger - Copying 0 resource
2017-09-16 21:11:33,142 [Worker-70] WARN  o.e.m.c.i.embedder.EclipseLogger - Using platform encoding (GBK actually) to copy filtered resources, i.e. build is platform dependent!
2017-09-16 21:11:33,151 [Worker-70] INFO  o.e.m.c.i.embedder.EclipseLogger - Copying 0 resource
2017-09-16 21:11:33,153 [Worker-70] WARN  o.e.m.c.i.embedder.EclipseLogger - Using platform encoding (GBK actually) to copy filtered resources, i.e. build is platform dependent!
2017-09-16 21:11:33,160 [Worker-70] INFO  o.e.m.c.i.embedder.EclipseLogger - Copying 0 resource
2017-09-16 21:14:27,665 [Worker-67] WARN  o.e.m.c.i.embedder.EclipseLogger - Using platform encoding (GBK actually) to copy filtered resources, i.e. build is platform dependent!
2017-09-16 21:14:27,678 [Worker-67] INFO  o.e.m.c.i.embedder.EclipseLogger - Copying 1 resource
2017-09-16 21:14:27,684 [Worker-67] WARN  o.e.m.c.i.embedder.EclipseLogger - Using platform encoding (GBK actually) to copy filtered resources, i.e. build is platform dependent!
2017-09-16 21:14:27,690 [Worker-67] INFO  o.e.m.c.i.embedder.EclipseLogger - Copying 0 resource
2017-09-16 21:14:38,527 [Worker-67] WARN  o.e.m.c.i.embedder.EclipseLogger - Using platform encoding (GBK actually) to copy filtered resources, i.e. build is platform dependent!
2017-09-16 21:14:38,535 [Worker-67] INFO  o.e.m.c.i.embedder.EclipseLogger - Copying 1 resource
2017-09-16 21:14:38,538 [Worker-67] WARN  o.e.m.c.i.embedder.EclipseLogger - Using platform encoding (GBK actually) to copy filtered resources, i.e. build is platform dependent!
2017-09-16 21:14:38,545 [Worker-67] INFO  o.e.m.c.i.embedder.EclipseLogger - Copying 0 resource
2017-09-16 21:14:49,018 [Worker-72] INFO  o.e.m.i.launch.MavenLaunchDelegate - C:\Users\sun\Documents\GitHub\battleroyale\Battle_Royale
2017-09-16 21:14:49,023 [Worker-72] INFO  o.e.m.i.launch.MavenLaunchDelegate -  mvn -B install
2017-09-16 21:14:53,752 [Worker-68] WARN  o.e.m.c.i.embedder.EclipseLogger - Using platform encoding (GBK actually) to copy filtered resources, i.e. build is platform dependent!
2017-09-16 21:14:53,765 [Worker-68] INFO  o.e.m.c.i.embedder.EclipseLogger - Copying 1 resource
2017-09-16 21:14:53,778 [Worker-68] WARN  o.e.m.c.i.embedder.EclipseLogger - Using platform encoding (GBK actually) to copy filtered resources, i.e. build is platform dependent!
2017-09-16 21:14:53,793 [Worker-68] INFO  o.e.m.c.i.embedder.EclipseLogger - Copying 0 resource
2017-09-16 21:15:23,281 [Worker-65] WARN  o.e.m.c.i.embedder.EclipseLogger - Using platform encoding (GBK actually) to copy filtered resources, i.e. build is platform dependent!
2017-09-16 21:15:23,288 [Worker-65] INFO  o.e.m.c.i.embedder.EclipseLogger - Copying 1 resource
2017-09-16 21:15:23,297 [Worker-65] WARN  o.e.m.c.i.embedder.EclipseLogger - Using platform encoding (GBK actually) to copy filtered resources, i.e. build is platform dependent!
2017-09-16 21:15:23,316 [Worker-65] INFO  o.e.m.c.i.embedder.EclipseLogger - Copying 0 resource
2017-09-16 21:15:26,816 [Worker-73] INFO  o.e.m.i.launch.MavenLaunchDelegate - C:\Users\sun\Documents\GitHub\battleroyale\Battle_Royale
2017-09-16 21:15:26,816 [Worker-73] INFO  o.e.m.i.launch.MavenLaunchDelegate -  mvn -B install
2017-09-16 21:15:30,353 [Worker-74] WARN  o.e.m.c.i.embedder.EclipseLogger - Using platform encoding (GBK actually) to copy filtered resources, i.e. build is platform dependent!
2017-09-16 21:15:30,368 [Worker-74] INFO  o.e.m.c.i.embedder.EclipseLogger - Copying 0 resource
2017-09-16 21:15:30,375 [Worker-74] WARN  o.e.m.c.i.embedder.EclipseLogger - Using platform encoding (GBK actually) to copy filtered resources, i.e. build is platform dependent!
2017-09-16 21:15:30,386 [Worker-74] INFO  o.e.m.c.i.embedder.EclipseLogger - Copying 0 resource
2017-09-16 21:17:13,762 [Worker-74] WARN  o.e.m.c.i.embedder.EclipseLogger - Using platform encoding (GBK actually) to copy filtered resources, i.e. build is platform dependent!
2017-09-16 21:17:13,769 [Worker-74] INFO  o.e.m.c.i.embedder.EclipseLogger - Copying 1 resource
2017-09-16 21:17:13,776 [Worker-74] WARN  o.e.m.c.i.embedder.EclipseLogger - Using platform encoding (GBK actually) to copy filtered resources, i.e. build is platform dependent!
2017-09-16 21:17:13,784 [Worker-74] INFO  o.e.m.c.i.embedder.EclipseLogger - Copying 0 resource
2017-09-16 21:17:21,248 [Worker-74] INFO  o.e.m.i.launch.MavenLaunchDelegate - C:\Users\sun\Documents\GitHub\battleroyale\Battle_Royale
2017-09-16 21:17:21,255 [Worker-74] INFO  o.e.m.i.launch.MavenLaunchDelegate -  mvn -B install
2017-09-16 21:17:25,445 [Worker-70] WARN  o.e.m.c.i.embedder.EclipseLogger - Using platform encoding (GBK actually) to copy filtered resources, i.e. build is platform dependent!
2017-09-16 21:17:25,453 [Worker-70] INFO  o.e.m.c.i.embedder.EclipseLogger - Copying 0 resource
2017-09-16 21:17:25,458 [Worker-70] WARN  o.e.m.c.i.embedder.EclipseLogger - Using platform encoding (GBK actually) to copy filtered resources, i.e. build is platform dependent!
2017-09-16 21:17:25,475 [Worker-70] INFO  o.e.m.c.i.embedder.EclipseLogger - Copying 0 resource
2017-09-16 21:19:03,767 [Worker-73] WARN  o.e.m.c.i.embedder.EclipseLogger - Using platform encoding (GBK actually) to copy filtered resources, i.e. build is platform dependent!
2017-09-16 21:19:03,773 [Worker-73] INFO  o.e.m.c.i.embedder.EclipseLogger - Copying 1 resource
2017-09-16 21:19:03,783 [Worker-73] WARN  o.e.m.c.i.embedder.EclipseLogger - Using platform encoding (GBK actually) to copy filtered resources, i.e. build is platform dependent!
2017-09-16 21:19:03,794 [Worker-73] INFO  o.e.m.c.i.embedder.EclipseLogger - Copying 0 resource
2017-09-16 21:19:11,431 [Worker-73] INFO  o.e.m.c.i.l.LifecycleMappingFactory - Using org.eclipse.m2e.jdt.JarLifecycleMapping lifecycle mapping for MavenProject: com.klnsyf.battleroyale:Battle_Royale:0.0.1 @ C:\Users\sun\Documents\GitHub\battleroyale\Battle_Royale\pom.xml.
2017-09-16 21:19:11,785 [Worker-73] WARN  o.e.m.c.i.embedder.EclipseLogger - Using platform encoding (GBK actually) to copy filtered resources, i.e. build is platform dependent!
2017-09-16 21:19:11,801 [Worker-73] INFO  o.e.m.c.i.embedder.EclipseLogger - Copying 0 resource
2017-09-16 21:19:11,808 [Worker-73] WARN  o.e.m.c.i.embedder.EclipseLogger - Using platform encoding (GBK actually) to copy filtered resources, i.e. build is platform dependent!
2017-09-16 21:19:11,828 [Worker-73] INFO  o.e.m.c.i.embedder.EclipseLogger - Copying 0 resource
2017-09-16 21:19:19,638 [Worker-72] WARN  o.e.m.c.i.embedder.EclipseLogger - Using platform encoding (GBK actually) to copy filtered resources, i.e. build is platform dependent!
2017-09-16 21:19:19,650 [Worker-72] INFO  o.e.m.c.i.embedder.EclipseLogger - Copying 1 resource
2017-09-16 21:19:19,661 [Worker-72] WARN  o.e.m.c.i.embedder.EclipseLogger - Using platform encoding (GBK actually) to copy filtered resources, i.e. build is platform dependent!
2017-09-16 21:19:19,672 [Worker-72] INFO  o.e.m.c.i.embedder.EclipseLogger - Copying 0 resource
2017-09-16 21:19:22,904 [Worker-65] WARN  o.e.m.c.i.embedder.EclipseLogger - Using platform encoding (GBK actually) to copy filtered resources, i.e. build is platform dependent!
2017-09-16 21:19:22,916 [Worker-65] INFO  o.e.m.c.i.embedder.EclipseLogger - Copying 1 resource
2017-09-16 21:19:22,921 [Worker-65] WARN  o.e.m.c.i.embedder.EclipseLogger - Using platform encoding (GBK actually) to copy filtered resources, i.e. build is platform dependent!
2017-09-16 21:19:22,931 [Worker-65] INFO  o.e.m.c.i.embedder.EclipseLogger - Copying 0 resource
2017-09-16 21:19:34,032 [Worker-70] INFO  o.e.m.i.launch.MavenLaunchDelegate - C:\Users\sun\Documents\GitHub\battleroyale\Battle_Royale
2017-09-16 21:19:34,037 [Worker-70] INFO  o.e.m.i.launch.MavenLaunchDelegate -  mvn -B install
2017-09-16 21:19:37,167 [Worker-75] WARN  o.e.m.c.i.embedder.EclipseLogger - Using platform encoding (GBK actually) to copy filtered resources, i.e. build is platform dependent!
2017-09-16 21:19:37,177 [Worker-75] INFO  o.e.m.c.i.embedder.EclipseLogger - Copying 0 resource
2017-09-16 21:19:37,183 [Worker-75] WARN  o.e.m.c.i.embedder.EclipseLogger - Using platform encoding (GBK actually) to copy filtered resources, i.e. build is platform dependent!
2017-09-16 21:19:37,195 [Worker-75] INFO  o.e.m.c.i.embedder.EclipseLogger - Copying 0 resource
2017-09-16 21:19:55,157 [Worker-72] INFO  o.e.m.c.i.l.LifecycleMappingFactory - Using org.eclipse.m2e.jdt.JarLifecycleMapping lifecycle mapping for MavenProject: com.klnsyf.battleroyale:Battle_Royale:0.1.0 @ C:\Users\sun\Documents\GitHub\battleroyale\Battle_Royale\pom.xml.
2017-09-16 21:19:55,490 [Worker-72] WARN  o.e.m.c.i.embedder.EclipseLogger - Using platform encoding (GBK actually) to copy filtered resources, i.e. build is platform dependent!
2017-09-16 21:19:55,498 [Worker-72] INFO  o.e.m.c.i.embedder.EclipseLogger - Copying 0 resource
2017-09-16 21:19:55,507 [Worker-72] WARN  o.e.m.c.i.embedder.EclipseLogger - Using platform encoding (GBK actually) to copy filtered resources, i.e. build is platform dependent!
2017-09-16 21:19:55,521 [Worker-72] INFO  o.e.m.c.i.embedder.EclipseLogger - Copying 0 resource
2017-09-16 21:20:08,491 [Worker-75] INFO  o.e.m.c.i.l.LifecycleMappingFactory - Using org.eclipse.m2e.jdt.JarLifecycleMapping lifecycle mapping for MavenProject: com.klnsyf.battleroyale:Battle_Royale:0.1.1 @ C:\Users\sun\Documents\GitHub\battleroyale\Battle_Royale\pom.xml.
2017-09-16 21:20:08,821 [Worker-75] WARN  o.e.m.c.i.embedder.EclipseLogger - Using platform encoding (GBK actually) to copy filtered resources, i.e. build is platform dependent!
2017-09-16 21:20:08,835 [Worker-75] INFO  o.e.m.c.i.embedder.EclipseLogger - Copying 0 resource
2017-09-16 21:20:08,841 [Worker-75] WARN  o.e.m.c.i.embedder.EclipseLogger - Using platform encoding (GBK actually) to copy filtered resources, i.e. build is platform dependent!
2017-09-16 21:20:08,852 [Worker-75] INFO  o.e.m.c.i.embedder.EclipseLogger - Copying 0 resource
2017-09-16 21:20:09,936 [Worker-76] WARN  o.e.m.c.i.embedder.EclipseLogger - Using platform encoding (GBK actually) to copy filtered resources, i.e. build is platform dependent!
2017-09-16 21:20:09,949 [Worker-76] INFO  o.e.m.c.i.embedder.EclipseLogger - Copying 1 resource
2017-09-16 21:20:09,966 [Worker-76] WARN  o.e.m.c.i.embedder.EclipseLogger - Using platform encoding (GBK actually) to copy filtered resources, i.e. build is platform dependent!
2017-09-16 21:20:09,980 [Worker-76] INFO  o.e.m.c.i.embedder.EclipseLogger - Copying 0 resource
2017-09-16 21:20:16,159 [Worker-77] INFO  o.e.m.i.launch.MavenLaunchDelegate - C:\Users\sun\Documents\GitHub\battleroyale\Battle_Royale
2017-09-16 21:20:16,163 [Worker-77] INFO  o.e.m.i.launch.MavenLaunchDelegate -  mvn -B install
2017-09-16 21:20:19,249 [Worker-76] WARN  o.e.m.c.i.embedder.EclipseLogger - Using platform encoding (GBK actually) to copy filtered resources, i.e. build is platform dependent!
2017-09-16 21:20:19,260 [Worker-76] INFO  o.e.m.c.i.embedder.EclipseLogger - Copying 0 resource
2017-09-16 21:20:19,266 [Worker-76] WARN  o.e.m.c.i.embedder.EclipseLogger - Using platform encoding (GBK actually) to copy filtered resources, i.e. build is platform dependent!
2017-09-16 21:20:19,276 [Worker-76] INFO  o.e.m.c.i.embedder.EclipseLogger - Copying 0 resource
2017-09-16 21:36:16,559 [Worker-74] WARN  o.e.m.c.i.embedder.EclipseLogger - Using platform encoding (GBK actually) to copy filtered resources, i.e. build is platform dependent!
2017-09-16 21:36:16,568 [Worker-74] INFO  o.e.m.c.i.embedder.EclipseLogger - Copying 1 resource
2017-09-16 21:36:16,569 [Worker-74] WARN  o.e.m.c.i.embedder.EclipseLogger - Using platform encoding (GBK actually) to copy filtered resources, i.e. build is platform dependent!
2017-09-16 21:36:16,581 [Worker-74] INFO  o.e.m.c.i.embedder.EclipseLogger - Copying 0 resource
2017-09-16 21:36:43,091 [Worker-82] WARN  o.e.m.c.i.embedder.EclipseLogger - Using platform encoding (GBK actually) to copy filtered resources, i.e. build is platform dependent!
2017-09-16 21:36:43,110 [Worker-82] INFO  o.e.m.c.i.embedder.EclipseLogger - Copying 1 resource
2017-09-16 21:36:43,120 [Worker-82] WARN  o.e.m.c.i.embedder.EclipseLogger - Using platform encoding (GBK actually) to copy filtered resources, i.e. build is platform dependent!
2017-09-16 21:36:43,141 [Worker-82] INFO  o.e.m.c.i.embedder.EclipseLogger - Copying 0 resource
2017-09-16 21:42:24,147 [Worker-86] WARN  o.e.m.c.i.embedder.EclipseLogger - Using platform encoding (GBK actually) to copy filtered resources, i.e. build is platform dependent!
2017-09-16 21:42:24,157 [Worker-86] INFO  o.e.m.c.i.embedder.EclipseLogger - Copying 1 resource
2017-09-16 21:42:24,158 [Worker-86] WARN  o.e.m.c.i.embedder.EclipseLogger - Using platform encoding (GBK actually) to copy filtered resources, i.e. build is platform dependent!
2017-09-16 21:42:24,170 [Worker-86] INFO  o.e.m.c.i.embedder.EclipseLogger - Copying 0 resource
2017-09-16 21:42:37,138 [Worker-85] WARN  o.e.m.c.i.embedder.EclipseLogger - Using platform encoding (GBK actually) to copy filtered resources, i.e. build is platform dependent!
2017-09-16 21:42:37,155 [Worker-85] INFO  o.e.m.c.i.embedder.EclipseLogger - Copying 1 resource
2017-09-16 21:42:37,164 [Worker-85] WARN  o.e.m.c.i.embedder.EclipseLogger - Using platform encoding (GBK actually) to copy filtered resources, i.e. build is platform dependent!
2017-09-16 21:42:37,180 [Worker-85] INFO  o.e.m.c.i.embedder.EclipseLogger - Copying 0 resource
2017-09-16 21:44:07,129 [Worker-87] WARN  o.e.m.c.i.embedder.EclipseLogger - Using platform encoding (GBK actually) to copy filtered resources, i.e. build is platform dependent!
2017-09-16 21:44:07,135 [Worker-87] INFO  o.e.m.c.i.embedder.EclipseLogger - Copying 1 resource
2017-09-16 21:44:07,139 [Worker-87] WARN  o.e.m.c.i.embedder.EclipseLogger - Using platform encoding (GBK actually) to copy filtered resources, i.e. build is platform dependent!
2017-09-16 21:44:07,151 [Worker-87] INFO  o.e.m.c.i.embedder.EclipseLogger - Copying 0 resource
2017-09-16 21:45:10,507 [Worker-85] WARN  o.e.m.c.i.embedder.EclipseLogger - Using platform encoding (GBK actually) to copy filtered resources, i.e. build is platform dependent!
2017-09-16 21:45:10,525 [Worker-85] INFO  o.e.m.c.i.embedder.EclipseLogger - Copying 1 resource
2017-09-16 21:45:10,535 [Worker-85] WARN  o.e.m.c.i.embedder.EclipseLogger - Using platform encoding (GBK actually) to copy filtered resources, i.e. build is platform dependent!
2017-09-16 21:45:10,551 [Worker-85] INFO  o.e.m.c.i.embedder.EclipseLogger - Copying 0 resource
2017-09-16 21:48:44,768 [Worker-88] WARN  o.e.m.c.i.embedder.EclipseLogger - Using platform encoding (GBK actually) to copy filtered resources, i.e. build is platform dependent!
2017-09-16 21:48:44,776 [Worker-88] INFO  o.e.m.c.i.embedder.EclipseLogger - Copying 1 resource
2017-09-16 21:48:44,779 [Worker-88] WARN  o.e.m.c.i.embedder.EclipseLogger - Using platform encoding (GBK actually) to copy filtered resources, i.e. build is platform dependent!
2017-09-16 21:48:44,799 [Worker-88] INFO  o.e.m.c.i.embedder.EclipseLogger - Copying 0 resource
2017-09-16 21:49:41,383 [Worker-83] WARN  o.e.m.c.i.embedder.EclipseLogger - Using platform encoding (GBK actually) to copy filtered resources, i.e. build is platform dependent!
2017-09-16 21:49:41,396 [Worker-83] INFO  o.e.m.c.i.embedder.EclipseLogger - Copying 1 resource
2017-09-16 21:49:41,401 [Worker-83] WARN  o.e.m.c.i.embedder.EclipseLogger - Using platform encoding (GBK actually) to copy filtered resources, i.e. build is platform dependent!
2017-09-16 21:49:41,413 [Worker-83] INFO  o.e.m.c.i.embedder.EclipseLogger - Copying 0 resource
2017-09-16 21:50:19,255 [Worker-87] WARN  o.e.m.c.i.embedder.EclipseLogger - Using platform encoding (GBK actually) to copy filtered resources, i.e. build is platform dependent!
2017-09-16 21:50:19,263 [Worker-87] INFO  o.e.m.c.i.embedder.EclipseLogger - Copying 1 resource
2017-09-16 21:50:19,265 [Worker-87] WARN  o.e.m.c.i.embedder.EclipseLogger - Using platform encoding (GBK actually) to copy filtered resources, i.e. build is platform dependent!
2017-09-16 21:50:19,276 [Worker-87] INFO  o.e.m.c.i.embedder.EclipseLogger - Copying 0 resource
2017-09-16 21:50:37,014 [Worker-83] WARN  o.e.m.c.i.embedder.EclipseLogger - Using platform encoding (GBK actually) to copy filtered resources, i.e. build is platform dependent!
2017-09-16 21:50:37,037 [Worker-83] INFO  o.e.m.c.i.embedder.EclipseLogger - Copying 1 resource
2017-09-16 21:50:37,047 [Worker-83] WARN  o.e.m.c.i.embedder.EclipseLogger - Using platform encoding (GBK actually) to copy filtered resources, i.e. build is platform dependent!
2017-09-16 21:50:37,071 [Worker-83] INFO  o.e.m.c.i.embedder.EclipseLogger - Copying 0 resource
2017-09-16 21:50:47,484 [Worker-91] WARN  o.e.m.c.i.embedder.EclipseLogger - Using platform encoding (GBK actually) to copy filtered resources, i.e. build is platform dependent!
2017-09-16 21:50:47,499 [Worker-91] INFO  o.e.m.c.i.embedder.EclipseLogger - Copying 1 resource
2017-09-16 21:50:47,502 [Worker-91] WARN  o.e.m.c.i.embedder.EclipseLogger - Using platform encoding (GBK actually) to copy filtered resources, i.e. build is platform dependent!
2017-09-16 21:50:47,522 [Worker-91] INFO  o.e.m.c.i.embedder.EclipseLogger - Copying 0 resource
2017-09-16 21:51:40,745 [Worker-82] WARN  o.e.m.c.i.embedder.EclipseLogger - Using platform encoding (GBK actually) to copy filtered resources, i.e. build is platform dependent!
2017-09-16 21:51:40,758 [Worker-82] INFO  o.e.m.c.i.embedder.EclipseLogger - Copying 1 resource
2017-09-16 21:51:40,764 [Worker-82] WARN  o.e.m.c.i.embedder.EclipseLogger - Using platform encoding (GBK actually) to copy filtered resources, i.e. build is platform dependent!
2017-09-16 21:51:40,774 [Worker-82] INFO  o.e.m.c.i.embedder.EclipseLogger - Copying 0 resource
2017-09-16 21:51:44,395 [Worker-85] WARN  o.e.m.c.i.embedder.EclipseLogger - Using platform encoding (GBK actually) to copy filtered resources, i.e. build is platform dependent!
2017-09-16 21:51:44,404 [Worker-85] INFO  o.e.m.c.i.embedder.EclipseLogger - Copying 1 resource
2017-09-16 21:51:44,407 [Worker-85] WARN  o.e.m.c.i.embedder.EclipseLogger - Using platform encoding (GBK actually) to copy filtered resources, i.e. build is platform dependent!
2017-09-16 21:51:44,421 [Worker-85] INFO  o.e.m.c.i.embedder.EclipseLogger - Copying 0 resource
2017-09-16 21:51:48,817 [Worker-86] WARN  o.e.m.c.i.embedder.EclipseLogger - Using platform encoding (GBK actually) to copy filtered resources, i.e. build is platform dependent!
2017-09-16 21:51:48,831 [Worker-86] INFO  o.e.m.c.i.embedder.EclipseLogger - Copying 1 resource
2017-09-16 21:51:48,836 [Worker-86] WARN  o.e.m.c.i.embedder.EclipseLogger - Using platform encoding (GBK actually) to copy filtered resources, i.e. build is platform dependent!
2017-09-16 21:51:48,847 [Worker-86] INFO  o.e.m.c.i.embedder.EclipseLogger - Copying 0 resource
2017-09-16 21:51:51,548 [Worker-88] WARN  o.e.m.c.i.embedder.EclipseLogger - Using platform encoding (GBK actually) to copy filtered resources, i.e. build is platform dependent!
2017-09-16 21:51:51,557 [Worker-88] INFO  o.e.m.c.i.embedder.EclipseLogger - Copying 1 resource
2017-09-16 21:51:51,560 [Worker-88] WARN  o.e.m.c.i.embedder.EclipseLogger - Using platform encoding (GBK actually) to copy filtered resources, i.e. build is platform dependent!
2017-09-16 21:51:51,573 [Worker-88] INFO  o.e.m.c.i.embedder.EclipseLogger - Copying 0 resource
2017-09-16 21:52:55,141 [Worker-86] WARN  o.e.m.c.i.embedder.EclipseLogger - Using platform encoding (GBK actually) to copy filtered resources, i.e. build is platform dependent!
2017-09-16 21:52:55,153 [Worker-86] INFO  o.e.m.c.i.embedder.EclipseLogger - Copying 1 resource
2017-09-16 21:52:55,162 [Worker-86] WARN  o.e.m.c.i.embedder.EclipseLogger - Using platform encoding (GBK actually) to copy filtered resources, i.e. build is platform dependent!
2017-09-16 21:52:55,175 [Worker-86] INFO  o.e.m.c.i.embedder.EclipseLogger - Copying 0 resource
2017-09-16 21:53:55,915 [Worker-85] WARN  o.e.m.c.i.embedder.EclipseLogger - Using platform encoding (GBK actually) to copy filtered resources, i.e. build is platform dependent!
2017-09-16 21:53:55,925 [Worker-85] INFO  o.e.m.c.i.embedder.EclipseLogger - Copying 1 resource
2017-09-16 21:53:55,929 [Worker-85] WARN  o.e.m.c.i.embedder.EclipseLogger - Using platform encoding (GBK actually) to copy filtered resources, i.e. build is platform dependent!
2017-09-16 21:53:55,939 [Worker-85] INFO  o.e.m.c.i.embedder.EclipseLogger - Copying 0 resource
2017-09-16 21:56:45,604 [Worker-88] WARN  o.e.m.c.i.embedder.EclipseLogger - Using platform encoding (GBK actually) to copy filtered resources, i.e. build is platform dependent!
2017-09-16 21:56:45,619 [Worker-88] INFO  o.e.m.c.i.embedder.EclipseLogger - Copying 1 resource
2017-09-16 21:56:45,630 [Worker-88] WARN  o.e.m.c.i.embedder.EclipseLogger - Using platform encoding (GBK actually) to copy filtered resources, i.e. build is platform dependent!
2017-09-16 21:56:45,643 [Worker-88] INFO  o.e.m.c.i.embedder.EclipseLogger - Copying 0 resource
2017-09-16 21:57:52,997 [Worker-89] WARN  o.e.m.c.i.embedder.EclipseLogger - Using platform encoding (GBK actually) to copy filtered resources, i.e. build is platform dependent!
2017-09-16 21:57:53,008 [Worker-89] INFO  o.e.m.c.i.embedder.EclipseLogger - Copying 1 resource
2017-09-16 21:57:53,010 [Worker-89] WARN  o.e.m.c.i.embedder.EclipseLogger - Using platform encoding (GBK actually) to copy filtered resources, i.e. build is platform dependent!
2017-09-16 21:57:53,026 [Worker-89] INFO  o.e.m.c.i.embedder.EclipseLogger - Copying 0 resource
2017-09-16 21:58:26,564 [Worker-92] WARN  o.e.m.c.i.embedder.EclipseLogger - Using platform encoding (GBK actually) to copy filtered resources, i.e. build is platform dependent!
2017-09-16 21:58:26,571 [Worker-92] INFO  o.e.m.c.i.embedder.EclipseLogger - Copying 1 resource
2017-09-16 21:58:26,576 [Worker-92] WARN  o.e.m.c.i.embedder.EclipseLogger - Using platform encoding (GBK actually) to copy filtered resources, i.e. build is platform dependent!
2017-09-16 21:58:26,590 [Worker-92] INFO  o.e.m.c.i.embedder.EclipseLogger - Copying 0 resource
2017-09-16 21:58:35,835 [Worker-93] WARN  o.e.m.c.i.embedder.EclipseLogger - Using platform encoding (GBK actually) to copy filtered resources, i.e. build is platform dependent!
2017-09-16 21:58:35,845 [Worker-93] INFO  o.e.m.c.i.embedder.EclipseLogger - Copying 1 resource
2017-09-16 21:58:35,847 [Worker-93] WARN  o.e.m.c.i.embedder.EclipseLogger - Using platform encoding (GBK actually) to copy filtered resources, i.e. build is platform dependent!
2017-09-16 21:58:35,862 [Worker-93] INFO  o.e.m.c.i.embedder.EclipseLogger - Copying 0 resource
2017-09-16 21:59:05,706 [Worker-89] WARN  o.e.m.c.i.embedder.EclipseLogger - Using platform encoding (GBK actually) to copy filtered resources, i.e. build is platform dependent!
2017-09-16 21:59:05,746 [Worker-89] INFO  o.e.m.c.i.embedder.EclipseLogger - Copying 1 resource
2017-09-16 21:59:05,757 [Worker-89] WARN  o.e.m.c.i.embedder.EclipseLogger - Using platform encoding (GBK actually) to copy filtered resources, i.e. build is platform dependent!
2017-09-16 21:59:05,770 [Worker-89] INFO  o.e.m.c.i.embedder.EclipseLogger - Copying 0 resource
2017-09-16 21:59:17,395 [Worker-89] WARN  o.e.m.c.i.embedder.EclipseLogger - Using platform encoding (GBK actually) to copy filtered resources, i.e. build is platform dependent!
2017-09-16 21:59:17,401 [Worker-89] INFO  o.e.m.c.i.embedder.EclipseLogger - Copying 0 resource
2017-09-16 21:59:17,402 [Worker-89] WARN  o.e.m.c.i.embedder.EclipseLogger - Using platform encoding (GBK actually) to copy filtered resources, i.e. build is platform dependent!
2017-09-16 21:59:17,415 [Worker-89] INFO  o.e.m.c.i.embedder.EclipseLogger - Copying 0 resource
2017-09-16 22:00:21,848 [Worker-85] WARN  o.e.m.c.i.embedder.EclipseLogger - Using platform encoding (GBK actually) to copy filtered resources, i.e. build is platform dependent!
2017-09-16 22:00:21,862 [Worker-85] INFO  o.e.m.c.i.embedder.EclipseLogger - Copying 1 resource
2017-09-16 22:00:21,869 [Worker-85] WARN  o.e.m.c.i.embedder.EclipseLogger - Using platform encoding (GBK actually) to copy filtered resources, i.e. build is platform dependent!
2017-09-16 22:00:21,882 [Worker-85] INFO  o.e.m.c.i.embedder.EclipseLogger - Copying 0 resource
2017-09-16 22:00:53,695 [Worker-3] INFO  c.g.t.t.d.PublishedGradleVersions - Gradle version information cache is up-to-date. Trying to read.
2017-09-16 22:01:34,644 [Worker-7] WARN  o.e.m.c.i.embedder.EclipseLogger - Using platform encoding (GBK actually) to copy filtered resources, i.e. build is platform dependent!
2017-09-16 22:01:34,676 [Worker-7] INFO  o.e.m.c.i.embedder.EclipseLogger - Copying 1 resource
2017-09-16 22:01:34,693 [Worker-7] WARN  o.e.m.c.i.embedder.EclipseLogger - Using platform encoding (GBK actually) to copy filtered resources, i.e. build is platform dependent!
2017-09-16 22:01:34,714 [Worker-7] INFO  o.e.m.c.i.embedder.EclipseLogger - Copying 0 resource
2017-09-16 22:01:42,838 [Worker-3] WARN  o.e.m.c.i.embedder.EclipseLogger - Using platform encoding (GBK actually) to copy filtered resources, i.e. build is platform dependent!
2017-09-16 22:01:42,878 [Worker-3] INFO  o.e.m.c.i.embedder.EclipseLogger - Copying 1 resource
2017-09-16 22:01:42,880 [Worker-3] WARN  o.e.m.c.i.embedder.EclipseLogger - Using platform encoding (GBK actually) to copy filtered resources, i.e. build is platform dependent!
2017-09-16 22:01:42,906 [Worker-3] INFO  o.e.m.c.i.embedder.EclipseLogger - Copying 0 resource
2017-09-17 11:51:59,528 [Worker-186] WARN  o.e.m.c.i.embedder.EclipseLogger - Using platform encoding (GBK actually) to copy filtered resources, i.e. build is platform dependent!
2017-09-17 11:51:59,576 [Worker-186] INFO  o.e.m.c.i.embedder.EclipseLogger - Copying 1 resource
2017-09-17 11:51:59,579 [Worker-186] WARN  o.e.m.c.i.embedder.EclipseLogger - Using platform encoding (GBK actually) to copy filtered resources, i.e. build is platform dependent!
2017-09-17 11:51:59,606 [Worker-186] INFO  o.e.m.c.i.embedder.EclipseLogger - Copying 0 resource
2017-10-03 20:08:13,935 [Worker-0] INFO  c.g.t.t.d.PublishedGradleVersions - Gradle version information cache is out-of-date. Trying to update.
2017-10-03 20:10:49,588 [Worker-6] WARN  o.e.m.c.i.embedder.EclipseLogger - Using platform encoding (GBK actually) to copy filtered resources, i.e. build is platform dependent!
2017-10-03 20:10:49,606 [Worker-6] INFO  o.e.m.c.i.embedder.EclipseLogger - Copying 1 resource
2017-10-03 20:10:49,612 [Worker-6] WARN  o.e.m.c.i.embedder.EclipseLogger - Using platform encoding (GBK actually) to copy filtered resources, i.e. build is platform dependent!
2017-10-03 20:10:49,620 [Worker-6] INFO  o.e.m.c.i.embedder.EclipseLogger - Copying 0 resource
2017-10-03 20:11:21,544 [Worker-7] WARN  o.e.m.c.i.embedder.EclipseLogger - Using platform encoding (GBK actually) to copy filtered resources, i.e. build is platform dependent!
2017-10-03 20:11:21,595 [Worker-7] INFO  o.e.m.c.i.embedder.EclipseLogger - Copying 1 resource
2017-10-03 20:11:21,597 [Worker-7] WARN  o.e.m.c.i.embedder.EclipseLogger - Using platform encoding (GBK actually) to copy filtered resources, i.e. build is platform dependent!
2017-10-03 20:11:21,608 [Worker-7] INFO  o.e.m.c.i.embedder.EclipseLogger - Copying 0 resource
2017-10-03 20:18:42,104 [Worker-9] WARN  o.e.m.c.i.embedder.EclipseLogger - Using platform encoding (GBK actually) to copy filtered resources, i.e. build is platform dependent!
2017-10-03 20:18:42,139 [Worker-9] INFO  o.e.m.c.i.embedder.EclipseLogger - Copying 1 resource
2017-10-03 20:18:42,143 [Worker-9] WARN  o.e.m.c.i.embedder.EclipseLogger - Using platform encoding (GBK actually) to copy filtered resources, i.e. build is platform dependent!
2017-10-03 20:18:42,169 [Worker-9] INFO  o.e.m.c.i.embedder.EclipseLogger - Copying 0 resource
2017-10-03 20:20:58,906 [Worker-0] WARN  o.e.m.c.i.embedder.EclipseLogger - Using platform encoding (GBK actually) to copy filtered resources, i.e. build is platform dependent!
2017-10-03 20:20:58,918 [Worker-0] INFO  o.e.m.c.i.embedder.EclipseLogger - Copying 1 resource
2017-10-03 20:20:58,921 [Worker-0] WARN  o.e.m.c.i.embedder.EclipseLogger - Using platform encoding (GBK actually) to copy filtered resources, i.e. build is platform dependent!
2017-10-03 20:20:58,943 [Worker-0] INFO  o.e.m.c.i.embedder.EclipseLogger - Copying 0 resource
2017-10-03 20:24:19,357 [Worker-15] WARN  o.e.m.c.i.embedder.EclipseLogger - Using platform encoding (GBK actually) to copy filtered resources, i.e. build is platform dependent!
2017-10-03 20:24:19,371 [Worker-15] INFO  o.e.m.c.i.embedder.EclipseLogger - Copying 1 resource
2017-10-03 20:24:19,372 [Worker-15] WARN  o.e.m.c.i.embedder.EclipseLogger - Using platform encoding (GBK actually) to copy filtered resources, i.e. build is platform dependent!
2017-10-03 20:24:19,388 [Worker-15] INFO  o.e.m.c.i.embedder.EclipseLogger - Copying 0 resource
2017-10-03 20:25:55,364 [Worker-15] WARN  o.e.m.c.i.embedder.EclipseLogger - Using platform encoding (GBK actually) to copy filtered resources, i.e. build is platform dependent!
2017-10-03 20:25:55,401 [Worker-15] INFO  o.e.m.c.i.embedder.EclipseLogger - Copying 1 resource
2017-10-03 20:25:55,412 [Worker-15] WARN  o.e.m.c.i.embedder.EclipseLogger - Using platform encoding (GBK actually) to copy filtered resources, i.e. build is platform dependent!
2017-10-03 20:25:55,440 [Worker-15] INFO  o.e.m.c.i.embedder.EclipseLogger - Copying 0 resource
2017-10-03 20:26:08,022 [Worker-0] WARN  o.e.m.c.i.embedder.EclipseLogger - Using platform encoding (GBK actually) to copy filtered resources, i.e. build is platform dependent!
2017-10-03 20:26:08,079 [Worker-0] INFO  o.e.m.c.i.embedder.EclipseLogger - Copying 1 resource
2017-10-03 20:26:08,088 [Worker-0] WARN  o.e.m.c.i.embedder.EclipseLogger - Using platform encoding (GBK actually) to copy filtered resources, i.e. build is platform dependent!
2017-10-03 20:26:08,123 [Worker-0] INFO  o.e.m.c.i.embedder.EclipseLogger - Copying 0 resource
2017-10-03 20:26:18,272 [Worker-6] WARN  o.e.m.c.i.embedder.EclipseLogger - Using platform encoding (GBK actually) to copy filtered resources, i.e. build is platform dependent!
2017-10-03 20:26:18,302 [Worker-6] INFO  o.e.m.c.i.embedder.EclipseLogger - Copying 1 resource
2017-10-03 20:26:18,320 [Worker-6] WARN  o.e.m.c.i.embedder.EclipseLogger - Using platform encoding (GBK actually) to copy filtered resources, i.e. build is platform dependent!
2017-10-03 20:26:18,347 [Worker-6] INFO  o.e.m.c.i.embedder.EclipseLogger - Copying 0 resource
2017-10-03 20:27:24,654 [Worker-15] WARN  o.e.m.c.i.embedder.EclipseLogger - Using platform encoding (GBK actually) to copy filtered resources, i.e. build is platform dependent!
2017-10-03 20:27:24,679 [Worker-15] INFO  o.e.m.c.i.embedder.EclipseLogger - Copying 2 resources
2017-10-03 20:27:24,683 [Worker-15] WARN  o.e.m.c.i.embedder.EclipseLogger - Using platform encoding (GBK actually) to copy filtered resources, i.e. build is platform dependent!
2017-10-03 20:27:24,710 [Worker-15] INFO  o.e.m.c.i.embedder.EclipseLogger - Copying 0 resource
2017-10-03 21:09:25,835 [Worker-10] WARN  o.e.m.c.i.embedder.EclipseLogger - Using platform encoding (GBK actually) to copy filtered resources, i.e. build is platform dependent!
2017-10-03 21:09:25,849 [Worker-10] INFO  o.e.m.c.i.embedder.EclipseLogger - Copying 2 resources
2017-10-03 21:09:25,857 [Worker-10] WARN  o.e.m.c.i.embedder.EclipseLogger - Using platform encoding (GBK actually) to copy filtered resources, i.e. build is platform dependent!
2017-10-03 21:09:25,870 [Worker-10] INFO  o.e.m.c.i.embedder.EclipseLogger - Copying 0 resource
